<?xml version="1.0" encoding="UTF-8"?>
<testsuite xmlns:xsi="http://www.w3.org/2001/XMLSchema-instance" xsi:noNamespaceSchemaLocation="https://maven.apache.org/surefire/maven-surefire-plugin/xsd/surefire-test-report-3.0.xsd" version="3.0" name="math.ArithmeticOperationsTest" time="0.09" tests="8" errors="0" skipped="0" failures="0">
  <properties>
[...]
</properties>
  <testcase name="testDivide_ByZero" classname="math.ArithmeticOperationsTest" time="0.006"/>
  <testcase name="testDivide_ValidInputs_2" classname="math.ArithmeticOperationsTest" time="0"/>
  <testcase name="testMultiply_ProductOverflow" classname="math.ArithmeticOperationsTest" time="0"/>
  <testcase name="testMultiply_ValidInputs" classname="math.ArithmeticOperationsTest" time="0"/>
  <testcase name="testDivide_ValidInputs" classname="math.ArithmeticOperationsTest" time="0"/>
  <testcase name="testMultiply_ValidInputs_2" classname="math.ArithmeticOperationsTest" time="0.001"/>
  <testcase name="testMultiply_NegativeX" classname="math.ArithmeticOperationsTest" time="0"/>
  <testcase name="testMultiply_NegativeY" classname="math.ArithmeticOperationsTest" time="0.001"/>
</testsuite>